              disk0       cpu    load average
    KB/t  tps  MB/s  us sy id   1m   5m   15m
   29.13  129  3.66   7  4 89  1.74 1.78 1.87
   16.60   20  0.32   8  1 90  1.74 1.78 1.87
   13.49  174  2.29  11  6 84  1.68 1.76 1.87
   14.03  676  9.27  14  6 80  1.68 1.76 1.87
   16.54  102  1.66   9  5 86  1.68 1.76 1.87
cp start1
  307.81 2669 802.23   6  7 87  1.68 1.76 1.87
  536.76 2549 1335.95  12  8 80  1.68 1.76 1.87
  507.17 2707 1340.53   7  8 85  2.03 1.83 1.89
  542.09 2500 1323.56   9  9 82  2.03 1.83 1.89
  555.35 2427 1315.99   6  7 87  2.03 1.83 1.89
   39.92 1266 49.34   6  7 87  2.03 1.83 1.89
   27.18 2869 76.15   8  8 85  2.03 1.83 1.89
   28.54 4682 130.47  14 10 76  2.02 1.83 1.89
   27.44 3111 83.37   8  6 86  2.02 1.83 1.89
    9.12  641  5.71  10  9 81  2.02 1.83 1.89
cp start2
  393.48 3487 1339.97   4  9 87  2.02 1.83 1.89
  503.24 2601 1278.06   6  7 87  2.02 1.83 1.89
  427.68 2505 1046.25   6  7 87  2.02 1.84 1.89
  604.51 2135 1260.59   4  5 91  2.02 1.84 1.89
  630.17  740 455.50   3  4 93  2.02 1.84 1.89
              disk0       cpu    load average
    KB/t  tps  MB/s  us sy id   1m   5m   15m
  597.20  840 489.63   5  7 88  2.02 1.84 1.89
  437.85  616 263.54   5  4 91  2.02 1.84 1.89
   12.44  272  3.31   7  6 87  1.94 1.82 1.89
   10.62  474  4.92   9  9 81  1.94 1.82 1.89
   29.33    6  0.17   3  2 95  1.94 1.82 1.89
   19.61   62  1.18   2  1 96  1.94 1.82 1.89
mmap_copy start1
   26.34 1125 28.94   6  3 91  1.94 1.82 1.89
   42.87 8001 334.99   4  7 90  2.10 1.86 1.90
   34.47 12293 413.85   3  4 93  2.10 1.86 1.90
   35.56 11852 411.59   4  6 90  2.10 1.86 1.90
   61.60 5502 330.94   2  6 91  2.10 1.86 1.90
   78.75 4148 319.01   2  6 92  2.10 1.86 1.90
   97.50 3276 311.93   3  6 91  2.10 1.86 1.90
   71.75 4794 335.87   2  5 93  2.10 1.86 1.90
  105.99 3054 316.15   2  5 93  2.10 1.86 1.90
  114.15 2604 290.28   2  6 93  2.10 1.86 1.90
  141.00 2071 285.10   4  7 89  2.10 1.86 1.90
  113.68 2741 304.23   4  7 89  2.09 1.86 1.90
   98.52 3189 306.86   3  7 91  2.09 1.86 1.90
  114.40 2640 294.89   3  7 90  2.09 1.86 1.90
              disk0       cpu    load average
    KB/t  tps  MB/s  us sy id   1m   5m   15m
  114.96 2601 292.01   3  6 91  2.09 1.86 1.90
   63.25 4950 305.74   2  7 92  2.09 1.86 1.90
   93.75 3327 304.63   3  7 90  2.00 1.85 1.90
  125.98 3607 443.76   3  6 91  2.00 1.85 1.90
  263.13 2256 579.78   5  7 88  2.00 1.85 1.90
    7.21 1097  7.73   9 10 81  2.00 1.85 1.90
   27.11 3989 105.59  10  9 81  2.00 1.85 1.90
   22.04 4820 103.76   7  7 86  2.24 1.90 1.91
    5.25 2258 11.57   7  7 85  2.24 1.90 1.91
mmap_copy start2
   32.32 3681 116.19  12  8 80  2.24 1.90 1.91
   33.36 11078 360.96   4  5 91  2.24 1.90 1.91
   34.59 9595 324.15   4  6 90  2.24 1.90 1.91
   34.50 9767 329.02   3  5 93  2.06 1.87 1.90
   35.01 10591 362.16   3  5 91  2.06 1.87 1.90
   33.34 11390 370.84   5  6 89  2.06 1.87 1.90
   35.01 9231 315.63   4  5 91  2.06 1.87 1.90
   36.90 9570 344.87   3  8 89  2.06 1.87 1.90
   59.54 5389 313.37   3  6 91  2.06 1.87 1.90
   59.83 5089 297.38   6  5 89  2.06 1.87 1.90
   68.68 4806 322.35   3  5 92  2.06 1.87 1.90
              disk0       cpu    load average
    KB/t  tps  MB/s  us sy id   1m   5m   15m
   65.62 5041 323.07   3  4 93  2.06 1.87 1.90
   61.54 5443 327.12   8  5 86  2.06 1.87 1.90
   35.04 10650 364.45   5  7 88  1.97 1.86 1.90
   55.66 4836 262.87   5  8 87  1.97 1.86 1.90
  109.82 2594 278.17   4  7 89  1.97 1.86 1.90
   72.99 3585 255.57   5  7 88  1.97 1.86 1.90
   92.76 2923 264.78   7  7 85  1.97 1.86 1.90
   87.48 3068 262.06   3  6 91  1.97 1.86 1.90
   69.24 3537 239.14   2  5 93  1.97 1.86 1.90
   75.20 3383 248.48   3  6 91  1.97 1.86 1.90
   74.84 3410 249.21   3  5 92  1.97 1.86 1.90
   69.75 3575 243.55   2  5 93  1.97 1.86 1.90
   71.06 3584 248.67   2  5 93  1.97 1.86 1.90
   68.33 3700 246.91   3  6 92  1.97 1.86 1.90
   75.22 3651 268.23   5  7 88  1.97 1.86 1.90
   92.57 4125 372.88   6  9 85  1.97 1.86 1.90
  115.95 4008 453.85   4  8 88  1.97 1.86 1.90
   44.31 5261 227.63   2  4 94  1.90 1.85 1.89
   42.70 6704 279.56   2  4 93  1.90 1.85 1.89
  110.52 3560 384.25   5  6 89  1.90 1.85 1.89
              disk0       cpu    load average
    KB/t  tps  MB/s  us sy id   1m   5m   15m
   21.81 4827 102.80   6  7 88  1.90 1.85 1.89
   10.36   44  0.44   3  3 94  1.90 1.85 1.89
   27.20    5  0.13   2  1 97  1.74 1.81 1.88
    0.00    0  0.00   3  2 96  1.74 1.81 1.88
mmap_write start1
   54.14 2137 112.96   6  5 89  1.74 1.81 1.88
  224.05 1685 368.65   3  4 94  1.74 1.81 1.88
  221.07 1940 418.88   4  4 92  1.74 1.81 1.88
  210.84 2394 492.87   6  8 87  1.68 1.80 1.88
  214.95 2368 496.99   2  4 94  1.68 1.80 1.88
  218.98 2378 508.47   3  4 92  1.68 1.80 1.88
  213.98 2389 499.23   3  4 93  1.68 1.80 1.88
  211.41 2321 479.14   8  4 87  1.68 1.80 1.88
  217.65 2233 474.71   4  4 92  1.63 1.79 1.87
  204.04 2286 455.41   4  7 90  1.63 1.79 1.87
  181.29 2663 471.42   6  6 88  1.63 1.79 1.87
  154.33 3286 495.22   5  6 89  1.63 1.79 1.87
  165.23 2910 469.62   7  6 87  1.63 1.79 1.87
  125.14 3938 481.28   4  8 88  1.66 1.79 1.87
   16.95 1520 25.16  15 13 72  1.66 1.79 1.87
   25.68 4990 125.14   8  7 85  1.66 1.79 1.87
              disk0       cpu    load average
    KB/t  tps  MB/s  us sy id   1m   5m   15m
   19.25 4826 90.71   6  7 88  1.66 1.79 1.87
    4.99 2223 10.84   8  7 85  1.66 1.79 1.87
    5.81  643  3.65  11 10 79  1.69 1.79 1.87
mmap_write start2
  127.52 2898 360.87   7  8 85  1.69 1.79 1.87
  217.64 2377 505.11  10  9 81  1.69 1.79 1.87
  212.75 2340 486.25   5  5 90  1.69 1.79 1.87
  194.72 2525 480.10   5  6 89  1.69 1.79 1.87
  217.85 2315 492.49   5  6 89  1.71 1.80 1.87
  212.31 2356 488.40   4  6 89  1.71 1.80 1.87
  219.04 2290 489.84   3  4 92  1.71 1.80 1.87
  214.99 2158 453.11   3  4 93  1.71 1.80 1.87
  212.17 2170 449.62   3  6 91  1.71 1.80 1.87
  168.05 2845 466.93   4  6 90  1.73 1.80 1.87
  196.12 2527 483.96   4  6 90  1.73 1.80 1.87
  202.05 2291 452.02   6  7 87  1.73 1.80 1.87
  219.65 2202 472.27   3  5 92  1.73 1.80 1.87
   77.86 1557 118.42  11  9 80  1.73 1.80 1.87
   13.89  221  3.00  11  9 80  1.83 1.82 1.88
    6.36  129  0.80  12  9 79  1.83 1.82 1.88
    7.01  185  1.26  10 10 80  1.83 1.82 1.88
              disk0       cpu    load average
    KB/t  tps  MB/s  us sy id   1m   5m   15m
   55.43    7  0.38   5  2 93  1.83 1.82 1.88
read_write start1
  413.27 2402 969.46   8  5 86  1.83 1.82 1.88
  679.63 2038 1352.35   2  5 93  1.77 1.81 1.87
  669.38 1999 1306.69   2  5 93  1.77 1.81 1.87
  657.61 2094 1344.85   2  5 93  1.77 1.81 1.87
  416.50 2909 1183.28   4  7 89  1.77 1.81 1.87
   10.02  874  8.55  12 11 76  1.77 1.81 1.87
    9.97  471  4.58  11  9 80  1.87 1.83 1.88
    8.11  251  1.99  11 10 80  1.87 1.83 1.88
    5.77  156  0.88  12 10 78  1.87 1.83 1.88
read_write start2
   16.91  197  3.25   8  7 85  1.87 1.83 1.88
  510.77 2475 1234.36   4  5 91  1.87 1.83 1.88
  646.99 2005 1267.04   3  5 92  1.72 1.79 1.87
  655.70 1971 1261.82   2  5 93  1.72 1.79 1.87
  623.86 1942 1183.19   3  5 92  1.72 1.79 1.87
  392.81 2655 1018.38   3  6 91  1.72 1.79 1.87
   89.02 1647 143.19   8  7 85  1.72 1.79 1.87
    7.49 1440 10.53  10  9 81  1.66 1.78 1.86
   11.62  167  1.89  11  9 81  1.66 1.78 1.86
    5.52  639  3.45  13 10 77  1.66 1.78 1.86
              disk0       cpu    load average
    KB/t  tps  MB/s  us sy id   1m   5m   15m
    8.70  115  0.97  10  9 81  1.66 1.78 1.86
   32.40   30  0.95   3  3 94  1.66 1.78 1.86
   16.00    9  0.14   2  1 96  1.61 1.77 1.86
   31.55  319  9.82   5  5 90  1.61 1.77 1.86
   29.98  164  4.80  10  4 86  1.61 1.77 1.86
   26.55 1625 42.14  14 10 76  1.61 1.77 1.86
   20.60  660 13.28  13  7 80  1.61 1.77 1.86
   24.15  233  5.49   6  4 89  1.64 1.77 1.86
   28.87  143  4.02   4  3 93  1.64 1.77 1.86
    0.00    0  0.00   4  2 94  1.64 1.77 1.86
