              disk0       cpu    load average
    KB/t  tps  MB/s  us sy id   1m   5m   15m
   29.92  130  3.79   7  4 89  2.01 1.93 1.91
   12.57   49  0.60   5  3 92  2.01 1.93 1.91
   16.30  107  1.70  14  5 81  2.01 1.93 1.91
    7.77   71  0.54  10  5 85  2.01 1.93 1.91
    8.12   32  0.25   7  4 89  2.01 1.93 1.91
    7.43   21  0.15  12  4 84  2.01 1.93 1.91
   19.00    4  0.07   7  4 89  2.01 1.93 1.91
    9.97  184  1.79  10  5 86  2.01 1.93 1.91
   27.61  124  3.33  10  4 86  2.09 1.95 1.92
   12.39   51  0.61   8  4 89  2.09 1.95 1.92
cp start1
  185.90 2565 465.68   5  6 89  2.09 1.95 1.92
  612.11 2439 1457.97   4  7 89  2.09 1.95 1.92
  434.48 3020 1281.25  10 10 80  2.09 1.95 1.92
  541.11 2544 1344.12   5  9 86  2.16 1.96 1.92
  557.57 2440 1328.69   3  8 89  2.16 1.96 1.92
   71.46 4296 299.80   6 11 83  2.16 1.96 1.92
    5.77 5791 32.61   7 16 77  2.16 1.96 1.92
   25.30 4891 120.85   8 11 81  2.16 1.96 1.92
   18.64 5559 101.19   6  8 86  1.99 1.93 1.91
   10.43 4576 46.61  14  9 77  1.99 1.93 1.91
cp start2
              disk0       cpu    load average
    KB/t  tps  MB/s  us sy id   1m   5m   15m
  286.08 4534 1266.66   9 10 80  1.99 1.93 1.91
  501.76 2639 1293.26   4  9 86  1.99 1.93 1.91
  472.54 2846 1313.31   4  9 87  1.99 1.93 1.91
  493.30 2742 1321.10   3  7 90  2.07 1.95 1.92
  303.97 3428 1017.53   8  8 84  2.07 1.95 1.92
   15.79 4741 73.11  22 11 67  2.07 1.95 1.92
   24.82  840 20.37  21 10 69  2.07 1.95 1.92
   12.71 3657 45.40  15  6 79  2.07 1.95 1.92
   31.35  786 24.07  14  3 83  2.06 1.95 1.92
mmap_copy start1
   22.16 2225 48.15  14  5 81  2.06 1.95 1.92
   33.22 10927 354.55   5  6 89  2.06 1.95 1.92
   34.24 12305 411.44   7  8 85  2.06 1.95 1.92
   35.64 11830 411.73   5  7 88  2.06 1.95 1.92
   70.35 6853 470.84   3  9 88  1.98 1.93 1.91
   79.28 5757 445.73   2  7 91  1.98 1.93 1.91
   77.21 5933 447.36   2  6 92  1.98 1.93 1.91
   70.66 6248 431.16   2  8 90  1.98 1.93 1.91
  136.76 3941 526.32   2  9 89  1.98 1.93 1.91
  108.52 4750 503.42   2  9 89  1.90 1.92 1.91
  104.77 4896 500.99   5  9 86  1.90 1.92 1.91
              disk0       cpu    load average
    KB/t  tps  MB/s  us sy id   1m   5m   15m
   95.48 8409 784.12   2 13 85  1.90 1.92 1.91
   88.13 9174 789.57   2 11 87  1.90 1.92 1.91
  181.35 2435 431.21   6 10 84  1.90 1.92 1.91
   24.52 2869 68.69  11 10 80  1.91 1.92 1.91
   23.46 5274 120.82   7  6 87  1.91 1.92 1.91
   18.22 1359 24.19   8  8 84  1.91 1.92 1.91
    9.00  280  2.46  12  9 80  1.91 1.92 1.91
mmap_copy start2
   71.91 3057 214.71  12 12 76  1.91 1.92 1.91
  123.87 4150 501.95  11 10 79  2.07 1.95 1.92
   37.05 10551 381.75   4  7 89  2.07 1.95 1.92
   32.33 11755 371.08   3  6 91  2.07 1.95 1.92
   78.41 5972 457.32   2  7 91  2.07 1.95 1.92
   88.32 5249 452.77   3  7 91  2.07 1.95 1.92
   97.27 4721 448.48   2  7 91  1.99 1.94 1.92
  110.03 4753 510.73   3  8 89  1.99 1.94 1.92
  114.83 4534 508.45   7  9 84  1.99 1.94 1.92
   99.21 5303 513.77   8  9 83  1.99 1.94 1.92
  117.45 4126 473.24   4 10 86  1.99 1.94 1.92
  110.69 4725 510.74   5  9 86  1.91 1.92 1.91
  207.16 4320 873.89   3  8 89  1.91 1.92 1.91
              disk0       cpu    load average
    KB/t  tps  MB/s  us sy id   1m   5m   15m
   13.75 2963 39.78  10 10 80  1.91 1.92 1.91
   25.72 5090 127.84   6  6 88  1.91 1.92 1.91
   20.85 2644 53.85   7  8 85  1.91 1.92 1.91
   14.82  166  2.40  10  8 81  2.00 1.94 1.92
mmap_write start1
   21.46 1374 28.79  13 12 75  2.00 1.94 1.92
  203.02 2181 432.47   7  5 88  2.00 1.94 1.92
  227.10 2330 516.71   3  4 94  2.00 1.94 1.92
  222.42 2306 500.81   3  4 93  2.00 1.94 1.92
  223.70 2329 508.74   4  4 92  1.92 1.92 1.91
  219.09 2327 497.98   5  5 90  1.92 1.92 1.91
  223.49 2343 511.36   2  3 95  1.92 1.92 1.91
  224.18 2162 473.27   2  3 95  1.92 1.92 1.91
  215.54 2222 467.76   2  4 95  1.92 1.92 1.91
  184.72 2574 464.25   3  6 92  1.92 1.92 1.91
  187.23 2549 466.10   4  5 91  1.92 1.92 1.91
  199.97 2454 479.28   4  5 92  1.92 1.92 1.91
  199.89 2380 464.51   2  5 93  1.92 1.92 1.91
  185.56 2031 368.11   4  7 89  1.92 1.92 1.91
   26.91 3820 100.38   8  8 84  1.85 1.91 1.91
   20.29 5535 109.65   5  6 89  1.85 1.91 1.91
              disk0       cpu    load average
    KB/t  tps  MB/s  us sy id   1m   5m   15m
    5.14 2710 13.61   7  7 85  1.85 1.91 1.91
    9.00  324  2.85  10  9 81  1.85 1.91 1.91
mmap_write start2
   22.78 1229 27.34  13 10 76  1.85 1.91 1.91
  216.18 1452 306.54   5  4 91  1.94 1.93 1.91
  220.27 2244 482.64   3  4 94  1.94 1.93 1.91
  219.69 2167 464.99   8  4 88  1.94 1.93 1.91
  218.99 2247 480.44   2  4 94  1.94 1.93 1.91
  220.94 2199 474.39   2  4 94  1.94 1.93 1.91
  218.17 2247 478.78   3  4 93  1.94 1.93 1.91
  208.85 2366 482.57   3  5 92  1.94 1.93 1.91
  210.64 2165 445.40   4  4 92  1.94 1.93 1.91
  198.64 2252 436.90   2  4 94  1.94 1.93 1.91
  206.82 2288 462.09   3  5 92  1.87 1.91 1.91
  190.60 2580 480.13   8  7 85  1.87 1.91 1.91
  203.17 2210 438.49   4  5 91  1.87 1.91 1.91
  205.57 2332 468.19   3  4 93  1.87 1.91 1.91
  193.43 1221 230.65   3  4 93  1.87 1.91 1.91
   22.83 4202 93.66  10  8 82  1.96 1.93 1.91
   22.88 5587 124.83   7  6 88  1.96 1.93 1.91
   18.18 1945 34.53  13  8 80  1.96 1.93 1.91
              disk0       cpu    load average
    KB/t  tps  MB/s  us sy id   1m   5m   15m
    7.36  393  2.83   5  4 91  1.96 1.93 1.91
   21.58   33  0.69   2  1 96  1.96 1.93 1.91
read_write start1
  400.85 2817 1102.91   5  6 89  1.96 1.93 1.91
  670.04 1982 1296.92   2  5 93  1.96 1.93 1.91
  638.12 2004 1249.04   2  5 93  1.96 1.93 1.91
  661.78 1960 1266.48   3  5 92  1.96 1.93 1.91
  598.90 2109 1233.57   3  6 91  1.96 1.93 1.91
   14.77 1692 24.40  11 10 79  2.12 1.96 1.93
   13.62  945 12.57  11  9 80  2.12 1.96 1.93
    8.27  398  3.22  11 10 80  2.12 1.96 1.93
    6.00   12  0.07  12  9 79  2.12 1.96 1.93
    5.06  354  1.75   9  8 83  2.12 1.96 1.93
read_write start2
  492.50 2603 1251.94   5  6 89  2.11 1.96 1.93
  679.53 1908 1266.29   3  5 93  2.11 1.96 1.93
  660.21 1952 1258.65   5  5 90  2.11 1.96 1.93
  622.12 2083 1265.76   8  5 87  2.11 1.96 1.93
  577.51 1947 1098.21   3  5 92  2.11 1.96 1.93
    8.42 1561 12.84  14 12 73  2.27 2.00 1.94
    6.20 1006  6.09  10  7 83  2.27 2.00 1.94
    9.58  227  2.12  12 10 78  2.27 2.00 1.94
              disk0       cpu    load average
    KB/t  tps  MB/s  us sy id   1m   5m   15m
    4.74  479  2.22  11  9 80  2.27 2.00 1.94
    9.07  138  1.22   8  8 85  2.27 2.00 1.94
    8.00    9  0.07   2  2 96  2.16 1.98 1.93
   24.19   83  1.95   3  2 94  2.16 1.98 1.93
   47.76 1112 51.88   6  4 89  2.16 1.98 1.93
   18.05 1218 21.47  13 10 77  2.16 1.98 1.93
   15.66 2195 33.57  10  7 83  2.16 1.98 1.93
   13.52  157  2.08   5  3 92  2.07 1.96 1.93
   51.59  398 20.05   3  2 95  2.07 1.96 1.93
    4.00    6  0.02   2  2 95  2.07 1.96 1.93
